Using pre-set license
Built from '2020.3/staging' branch; Version is '2020.3.16f1 (049d6eca3c44) revision 302446'; Using compiler version '192528614'; Build Type 'Release'
OS: 'Windows 10 Enterprise; OS build 19042.1348; Version 2009; 64bit' Language: 'en' Physical Memory: 16212 MB
BatchMode: 1, IsHumanControllingUs: 0, StartBugReporterOnCrash: 0, Is64bit: 1, IsPro: 0

 COMMAND LINE ARGUMENTS:
C:\Program Files\Unity\Hub\Editor\2020.3.16f1\Editor\Unity.exe
-adb2
-batchMode
-noUpm
-name
AssetImportWorker0
-projectPath
C:/Users/nfeathers/Desktop/GameDev/2DTetris
-logFile
Logs/AssetImportWorker0.log
-srvPort
63313
Successfully changed project path to: C:/Users/nfeathers/Desktop/GameDev/2DTetris
C:/Users/nfeathers/Desktop/GameDev/2DTetris
Using Asset Import Pipeline V2.
Refreshing native plugins compatible for Editor in 103.77 ms, found 3 plugins.
Preloading 0 native plugins for Editor in 0.00 ms.
Initialize engine version: 2020.3.16f1 (049d6eca3c44)
[Subsystems] Discovering subsystems at path C:/Program Files/Unity/Hub/Editor/2020.3.16f1/Editor/Data/Resources/UnitySubsystems
[Subsystems] Discovering subsystems at path C:/Users/nfeathers/Desktop/GameDev/2DTetris/Assets
GfxDevice: creating device client; threaded=0
Direct3D:
    Version:  Direct3D 11.0 [level 11.1]
    Renderer: Intel(R) UHD Graphics 620 (ID=0x5917)
    Vendor:   
    VRAM:     8106 MB
    Driver:   27.20.100.8681
Initialize mono
Mono path[0] = 'C:/Program Files/Unity/Hub/Editor/2020.3.16f1/Editor/Data/Managed'
Mono path[1] = 'C:/Program Files/Unity/Hub/Editor/2020.3.16f1/Editor/Data/MonoBleedingEdge/lib/mono/unityjit'
Mono config path = 'C:/Program Files/Unity/Hub/Editor/2020.3.16f1/Editor/Data/MonoBleedingEdge/etc'
Using monoOptions --debugger-agent=transport=dt_socket,embedding=1,server=y,suspend=n,address=127.0.0.1:56216
Begin MonoManager ReloadAssembly
Registering precompiled unity dll's ...
Register platform support module: C:/Program Files/Unity/Hub/Editor/2020.3.16f1/Editor/Data/PlaybackEngines/WebGLSupport/UnityEditor.WebGL.Extensions.dll
Register platform support module: C:/Program Files/Unity/Hub/Editor/2020.3.16f1/Editor/Data/PlaybackEngines/WindowsStandaloneSupport/UnityEditor.WindowsStandalone.Extensions.dll
Registered in 0.012764 seconds.
Native extension for WindowsStandalone target not found
Native extension for WebGL target not found
Refreshing native plugins compatible for Editor in 127.38 ms, found 3 plugins.
Preloading 0 native plugins for Editor in 0.00 ms.
Mono: successfully reloaded assembly
- Completed reload, in  4.763 seconds
Domain Reload Profiling:
	ReloadAssembly (4764ms)
		BeginReloadAssembly (174ms)
			ExecutionOrderSort (0ms)
			DisableScriptedObjects (0ms)
			BackupInstance (0ms)
			ReleaseScriptingObjects (0ms)
			CreateAndSetChildDomain (3ms)
		EndReloadAssembly (1707ms)
			LoadAssemblies (173ms)
			RebuildTransferFunctionScriptingTraits (0ms)
			SetupTypeCache (627ms)
			ReleaseScriptCaches (0ms)
			RebuildScriptCaches (81ms)
			SetupLoadedEditorAssemblies (794ms)
				LogAssemblyErrors (0ms)
				InitializePlatformSupportModulesInManaged (13ms)
				SetLoadedEditorAssemblies (1ms)
				RefreshPlugins (128ms)
				BeforeProcessingInitializeOnLoad (44ms)
				ProcessInitializeOnLoadAttributes (529ms)
				ProcessInitializeOnLoadMethodAttributes (78ms)
				AfterProcessingInitializeOnLoad (0ms)
				EditorAssembliesLoaded (0ms)
			ExecutionOrderSort2 (0ms)
			AwakeInstancesAfterBackupRestoration (0ms)
Platform modules already initialized, skipping
Registering precompiled user dll's ...
Registered in 0.031070 seconds.
Begin MonoManager ReloadAssembly
Native extension for WindowsStandalone target not found
Native extension for WebGL target not found
Refreshing native plugins compatible for Editor in 89.18 ms, found 3 plugins.
Preloading 0 native plugins for Editor in 0.00 ms.
Mono: successfully reloaded assembly
- Completed reload, in  3.738 seconds
Domain Reload Profiling:
	ReloadAssembly (3739ms)
		BeginReloadAssembly (640ms)
			ExecutionOrderSort (0ms)
			DisableScriptedObjects (10ms)
			BackupInstance (0ms)
			ReleaseScriptingObjects (0ms)
			CreateAndSetChildDomain (54ms)
		EndReloadAssembly (2852ms)
			LoadAssemblies (360ms)
			RebuildTransferFunctionScriptingTraits (0ms)
			SetupTypeCache (1579ms)
			ReleaseScriptCaches (1ms)
			RebuildScriptCaches (73ms)
			SetupLoadedEditorAssemblies (643ms)
				LogAssemblyErrors (0ms)
				InitializePlatformSupportModulesInManaged (10ms)
				SetLoadedEditorAssemblies (0ms)
				RefreshPlugins (89ms)
				BeforeProcessingInitializeOnLoad (122ms)
				ProcessInitializeOnLoadAttributes (394ms)
				ProcessInitializeOnLoadMethodAttributes (17ms)
				AfterProcessingInitializeOnLoad (9ms)
				EditorAssembliesLoaded (0ms)
			ExecutionOrderSort2 (0ms)
			AwakeInstancesAfterBackupRestoration (11ms)
Platform modules already initialized, skipping
========================================================================
Worker process is ready to serve import requests
Launched and connected shader compiler UnityShaderCompiler.exe after 0.10 seconds
Refreshing native plugins compatible for Editor in 1.01 ms, found 3 plugins.
Preloading 0 native plugins for Editor in 0.00 ms.
Unloading 2095 Unused Serialized files (Serialized files now loaded: 0)
System memory in use before: 93.2 MB.
System memory in use after: 93.3 MB.

Unloading 28 unused Assets to reduce memory usage. Loaded Objects now: 2532.
Total: 82.320000 ms (FindLiveObjects: 3.466500 ms CreateObjectMapping: 1.392700 ms MarkObjects: 77.348100 ms  DeleteObjects: 0.110400 ms)

AssetImportParameters requested are different than current active one (requested -> active):
  custom:framework-win-MediaFoundation: 216162199b28c13a410421893ffa2e32 -> 
  custom:video-decoder-ogg-theora: a1e56fd34408186e4bbccfd4996cb3dc -> 
  custom:container-muxer-webm: aa71ff27fc2769a1b78a27578f13a17b -> 
  custom:container-demuxer-webm: 4f35f7cbe854078d1ac9338744f61a02 -> 
  custom:container-demuxer-ogg: 62fdf1f143b41e24485cea50d1cbac27 -> 
  custom:video-encoder-webm-vp8: eb34c28f22e8b96e1ab97ce403110664 -> 
  custom:video-decoder-webm-vp8: 9c59270c3fd7afecdb556c50c9e8de78 -> 
  custom:audio-decoder-ogg-vorbis: bf7c407c2cedff20999df2af8eb42d56 -> 
  custom:audio-encoder-webm-vorbis: bf7c407c2cedff20999df2af8eb42d56 -> 
========================================================================
Received Import Request.
  path: Assets/tiles/Ghost.asset
  artifactKey: Guid(c747d301b39646a4186536ab27f8cf1f) Importer(815301076,1909f56bfc062723c751e8b465ee728b)
Start importing Assets/tiles/Ghost.asset using Guid(c747d301b39646a4186536ab27f8cf1f) Importer(815301076,1909f56bfc062723c751e8b465ee728b)  -> (artifact id: 'd69cf656280ebffc12db1718d3ca8c80') in 0.232635 seconds 
  Import took 0.238544 seconds .

========================================================================
Received Import Request.
  Time since last request: 0.000464 seconds.
  path: Assets/tiles/Green.asset
  artifactKey: Guid(0748a92eb39db6342a8b713ba1f8b91d) Importer(815301076,1909f56bfc062723c751e8b465ee728b)
Start importing Assets/tiles/Green.asset using Guid(0748a92eb39db6342a8b713ba1f8b91d) Importer(815301076,1909f56bfc062723c751e8b465ee728b)  -> (artifact id: '9c962275a9fca6faa274ee342978ab85') in 0.046619 seconds 
  Import took 0.054675 seconds .

========================================================================
Received Import Request.
  Time since last request: 0.000386 seconds.
  path: Assets/Sprites/Grid.png
  artifactKey: Guid(6ff6b85966aeb3f4ab304af07f4dd424) Importer(815301076,1909f56bfc062723c751e8b465ee728b)
Start importing Assets/Sprites/Grid.png using Guid(6ff6b85966aeb3f4ab304af07f4dd424) Importer(815301076,1909f56bfc062723c751e8b465ee728b)  -> (artifact id: 'cee00069d45b261d2bb68c6b183ba547') in 0.130648 seconds 
  Import took 0.138067 seconds .

========================================================================
Received Import Request.
  Time since last request: 0.000347 seconds.
  path: Assets/Sprites/Border.png
  artifactKey: Guid(dcd88b8f2120d9c4f8d1d9826b673819) Importer(815301076,1909f56bfc062723c751e8b465ee728b)
Start importing Assets/Sprites/Border.png using Guid(dcd88b8f2120d9c4f8d1d9826b673819) Importer(815301076,1909f56bfc062723c751e8b465ee728b)  -> (artifact id: '4d92a1ca9dbc12597f3af579df68ec26') in 0.145061 seconds 
  Import took 0.155656 seconds .

========================================================================
Received Import Request.
  Time since last request: 0.000608 seconds.
  path: Assets/tiles/Blocks.prefab
  artifactKey: Guid(575b93fa9adaf4c478c21da0677683d6) Importer(815301076,1909f56bfc062723c751e8b465ee728b)
Start importing Assets/tiles/Blocks.prefab using Guid(575b93fa9adaf4c478c21da0677683d6) Importer(815301076,1909f56bfc062723c751e8b465ee728b)  -> (artifact id: '57772a2b171963f37be5e85c314c0bbe') in 0.089023 seconds 
  Import took 0.094627 seconds .

========================================================================
Received Import Request.
  Time since last request: 0.000437 seconds.
  path: Assets/tiles/Square.asset
  artifactKey: Guid(839563a5c2f5eb84aadf299602d9166f) Importer(815301076,1909f56bfc062723c751e8b465ee728b)
Start importing Assets/tiles/Square.asset using Guid(839563a5c2f5eb84aadf299602d9166f) Importer(815301076,1909f56bfc062723c751e8b465ee728b)  -> (artifact id: '0ecbc6c9b78cdf34b54e27a4f64e2734') in 0.015269 seconds 
  Import took 0.023271 seconds .

========================================================================
Received Import Request.
  Time since last request: 0.000426 seconds.
  path: Assets/tiles/Cyan.asset
  artifactKey: Guid(41367838fadcc0d47a1633f4f5cec10e) Importer(815301076,1909f56bfc062723c751e8b465ee728b)
Start importing Assets/tiles/Cyan.asset using Guid(41367838fadcc0d47a1633f4f5cec10e) Importer(815301076,1909f56bfc062723c751e8b465ee728b)  -> (artifact id: '8080cb0c0b5ac1a5ca50054e346bfea5') in 0.022700 seconds 
  Import took 0.032658 seconds .

========================================================================
Received Import Request.
  Time since last request: 0.001197 seconds.
  path: Assets/Sprites/Yellow.png
  artifactKey: Guid(019e0880cb7a5b04e9397e93cddcc382) Importer(815301076,1909f56bfc062723c751e8b465ee728b)
Start importing Assets/Sprites/Yellow.png using Guid(019e0880cb7a5b04e9397e93cddcc382) Importer(815301076,1909f56bfc062723c751e8b465ee728b)  -> (artifact id: '6805f70009eb7ab5d85977b8f76d0443') in 0.037430 seconds 
  Import took 0.065797 seconds .

========================================================================
Received Import Request.
  Time since last request: 0.000159 seconds.
  path: Assets/tiles/Blocks2.prefab
  artifactKey: Guid(149f8e14ec5d21c428127b6fda4e91a8) Importer(815301076,1909f56bfc062723c751e8b465ee728b)
Start importing Assets/tiles/Blocks2.prefab using Guid(149f8e14ec5d21c428127b6fda4e91a8) Importer(815301076,1909f56bfc062723c751e8b465ee728b)  -> (artifact id: '941e7d5f2a687eb4d1da9b0fb9cfede1') in 0.038708 seconds 
  Import took 0.114528 seconds .

========================================================================
Received Import Request.
  Time since last request: 0.000398 seconds.
  path: Assets/Sprites/Green.png
  artifactKey: Guid(3e2fc5b3b3411a94d990b263cc821a0a) Importer(815301076,1909f56bfc062723c751e8b465ee728b)
Start importing Assets/Sprites/Green.png using Guid(3e2fc5b3b3411a94d990b263cc821a0a) Importer(815301076,1909f56bfc062723c751e8b465ee728b)  -> (artifact id: '1c315fa13d899fbc2f18a64baa26dade') in 0.025895 seconds 
  Import took 0.035193 seconds .

========================================================================
Received Import Request.
  Time since last request: 0.000366 seconds.
  path: Assets/Sprites/Blue.png
  artifactKey: Guid(3f82b3ad9020ed3448c74b89545d893c) Importer(815301076,1909f56bfc062723c751e8b465ee728b)
Start importing Assets/Sprites/Blue.png using Guid(3f82b3ad9020ed3448c74b89545d893c) Importer(815301076,1909f56bfc062723c751e8b465ee728b)  -> (artifact id: '990e775e4435065812ba99dd141bdde1') in 0.036916 seconds 
  Import took 0.057987 seconds .

========================================================================
Received Import Request.
  Time since last request: 0.000378 seconds.
  path: Assets/tiles/Yellow.asset
  artifactKey: Guid(52494957b9bb1bc4dbf45908e784fde3) Importer(815301076,1909f56bfc062723c751e8b465ee728b)
Start importing Assets/tiles/Yellow.asset using Guid(52494957b9bb1bc4dbf45908e784fde3) Importer(815301076,1909f56bfc062723c751e8b465ee728b)  -> (artifact id: 'e37f2cac8495e1c3aa6d4379137c2b8d') in 0.055864 seconds 
  Import took 0.075469 seconds .

========================================================================
Received Import Request.
  Time since last request: 0.000389 seconds.
  path: Assets/tiles/Blue.asset
  artifactKey: Guid(b64a681e69ec9ea4b82cd332074e8abd) Importer(815301076,1909f56bfc062723c751e8b465ee728b)
Start importing Assets/tiles/Blue.asset using Guid(b64a681e69ec9ea4b82cd332074e8abd) Importer(815301076,1909f56bfc062723c751e8b465ee728b)  -> (artifact id: '6a6d8c357a1f05ce35746abffa22b222') in 0.039680 seconds 
  Import took 0.047794 seconds .

========================================================================
Received Import Request.
  Time since last request: 0.001006 seconds.
  path: Assets/Sprites/Purple.png
  artifactKey: Guid(51a1485338acae84585e3ea525804668) Importer(815301076,1909f56bfc062723c751e8b465ee728b)
Start importing Assets/Sprites/Purple.png using Guid(51a1485338acae84585e3ea525804668) Importer(815301076,1909f56bfc062723c751e8b465ee728b)  -> (artifact id: '51a9954746630e376d643bf1026073be') in 0.032616 seconds 
  Import took 0.048071 seconds .

========================================================================
Received Import Request.
  Time since last request: 0.000381 seconds.
  path: Assets/tiles/Orange.asset
  artifactKey: Guid(746ab13c67f2bc8469aa2463fba739a2) Importer(815301076,1909f56bfc062723c751e8b465ee728b)
Start importing Assets/tiles/Orange.asset using Guid(746ab13c67f2bc8469aa2463fba739a2) Importer(815301076,1909f56bfc062723c751e8b465ee728b)  -> (artifact id: '3edcfd12f6f32b5a1f6a55120ed372f3') in 0.027681 seconds 
  Import took 0.034556 seconds .

========================================================================
Received Import Request.
  Time since last request: 0.000637 seconds.
  path: Assets/Sprites/Orange.png
  artifactKey: Guid(35a3a47936e735945aca498f718eaef4) Importer(815301076,1909f56bfc062723c751e8b465ee728b)
Start importing Assets/Sprites/Orange.png using Guid(35a3a47936e735945aca498f718eaef4) Importer(815301076,1909f56bfc062723c751e8b465ee728b)  -> (artifact id: '2278f77e90d9891d2ed2267e44ab3014') in 0.030673 seconds 
  Import took 0.039607 seconds .

========================================================================
Received Import Request.
  Time since last request: 0.000885 seconds.
  path: Assets/tiles/Purple.asset
  artifactKey: Guid(04023e1f7915c564dbf6baf33605d5b0) Importer(815301076,1909f56bfc062723c751e8b465ee728b)
Start importing Assets/tiles/Purple.asset using Guid(04023e1f7915c564dbf6baf33605d5b0) Importer(815301076,1909f56bfc062723c751e8b465ee728b)  -> (artifact id: '4a37275faefd905624f07a6e5b48d182') in 0.021579 seconds 
  Import took 0.033540 seconds .

========================================================================
Received Import Request.
  Time since last request: 0.000484 seconds.
  path: Assets/Sprites/Ghost.png
  artifactKey: Guid(de0f4de3209ba2c42874afb3c5329c15) Importer(815301076,1909f56bfc062723c751e8b465ee728b)
Start importing Assets/Sprites/Ghost.png using Guid(de0f4de3209ba2c42874afb3c5329c15) Importer(815301076,1909f56bfc062723c751e8b465ee728b)  -> (artifact id: '6a0f669de08fe55b4cb5ae9ba3add8ce') in 0.034763 seconds 
  Import took 0.041517 seconds .

========================================================================
Received Import Request.
  Time since last request: 0.000411 seconds.
  path: Assets/tiles/Red.asset
  artifactKey: Guid(66c8fa92631e4a14ba9328523e472845) Importer(815301076,1909f56bfc062723c751e8b465ee728b)
Start importing Assets/tiles/Red.asset using Guid(66c8fa92631e4a14ba9328523e472845) Importer(815301076,1909f56bfc062723c751e8b465ee728b)  -> (artifact id: 'b35cfbc4fe6de7ef545a404f2521be75') in 0.038551 seconds 
  Import took 0.046132 seconds .

========================================================================
Received Import Request.
  Time since last request: 0.000452 seconds.
  path: Assets/Sprites/Cyan.png
  artifactKey: Guid(774fa586ba243f54f92bce708ecb917b) Importer(815301076,1909f56bfc062723c751e8b465ee728b)
Start importing Assets/Sprites/Cyan.png using Guid(774fa586ba243f54f92bce708ecb917b) Importer(815301076,1909f56bfc062723c751e8b465ee728b)  -> (artifact id: '7403428962e0f0746b811cbbfbef4f82') in 0.024932 seconds 
  Import took 0.031614 seconds .

========================================================================
Received Import Request.
  Time since last request: 0.000368 seconds.
  path: Assets/Sprites/Red.png
  artifactKey: Guid(b109e0a46ebdde140abbe8ffe76f424c) Importer(815301076,1909f56bfc062723c751e8b465ee728b)
Start importing Assets/Sprites/Red.png using Guid(b109e0a46ebdde140abbe8ffe76f424c) Importer(815301076,1909f56bfc062723c751e8b465ee728b)  -> (artifact id: '7a8bab2eedd1acb8e60e5a693d58b89f') in 0.025008 seconds 
  Import took 0.033453 seconds .

========================================================================
Received Import Request.
  Time since last request: 0.505315 seconds.
  path: Assets/Scripts/Board.cs
  artifactKey: Guid(1450d9932a2b5634b9e32647f5185ede) Importer(815301076,1909f56bfc062723c751e8b465ee728b)
Start importing Assets/Scripts/Board.cs using Guid(1450d9932a2b5634b9e32647f5185ede) Importer(815301076,1909f56bfc062723c751e8b465ee728b)  -> (artifact id: '396b1b9a83bf1e866d90dfdbedfb9507') in 0.012195 seconds 
  Import took 0.018262 seconds .

========================================================================
Received Prepare
Registering precompiled user dll's ...
Registered in 0.013984 seconds.
Begin MonoManager ReloadAssembly
Native extension for WindowsStandalone target not found
Native extension for WebGL target not found
Refreshing native plugins compatible for Editor in 0.63 ms, found 3 plugins.
Preloading 0 native plugins for Editor in 0.00 ms.
Mono: successfully reloaded assembly
- Completed reload, in  1.838 seconds
Domain Reload Profiling:
	ReloadAssembly (1838ms)
		BeginReloadAssembly (253ms)
			ExecutionOrderSort (0ms)
			DisableScriptedObjects (13ms)
			BackupInstance (0ms)
			ReleaseScriptingObjects (0ms)
			CreateAndSetChildDomain (87ms)
		EndReloadAssembly (1472ms)
			LoadAssemblies (184ms)
			RebuildTransferFunctionScriptingTraits (0ms)
			SetupTypeCache (482ms)
			ReleaseScriptCaches (1ms)
			RebuildScriptCaches (61ms)
			SetupLoadedEditorAssemblies (608ms)
				LogAssemblyErrors (0ms)
				InitializePlatformSupportModulesInManaged (10ms)
				SetLoadedEditorAssemblies (1ms)
				RefreshPlugins (1ms)
				BeforeProcessingInitializeOnLoad (125ms)
				ProcessInitializeOnLoadAttributes (450ms)
				ProcessInitializeOnLoadMethodAttributes (9ms)
				AfterProcessingInitializeOnLoad (11ms)
				EditorAssembliesLoaded (0ms)
			ExecutionOrderSort2 (0ms)
			AwakeInstancesAfterBackupRestoration (17ms)
Platform modules already initialized, skipping
Refreshing native plugins compatible for Editor in 1.05 ms, found 3 plugins.
Preloading 0 native plugins for Editor in 0.00 ms.
Unloading 2085 Unused Serialized files (Serialized files now loaded: 0)
System memory in use before: 95.7 MB.
System memory in use after: 95.8 MB.

Unloading 16 unused Assets to reduce memory usage. Loaded Objects now: 2548.
Total: 5.865800 ms (FindLiveObjects: 0.484300 ms CreateObjectMapping: 0.265700 ms MarkObjects: 5.086900 ms  DeleteObjects: 0.026900 ms)

AssetImportParameters requested are different than current active one (requested -> active):
  custom:framework-win-MediaFoundation: 216162199b28c13a410421893ffa2e32 -> 
  custom:video-decoder-ogg-theora: a1e56fd34408186e4bbccfd4996cb3dc -> 
  custom:container-muxer-webm: aa71ff27fc2769a1b78a27578f13a17b -> 
  custom:container-demuxer-webm: 4f35f7cbe854078d1ac9338744f61a02 -> 
  custom:container-demuxer-ogg: 62fdf1f143b41e24485cea50d1cbac27 -> 
  custom:video-encoder-webm-vp8: eb34c28f22e8b96e1ab97ce403110664 -> 
  custom:video-decoder-webm-vp8: 9c59270c3fd7afecdb556c50c9e8de78 -> 
  custom:audio-decoder-ogg-vorbis: bf7c407c2cedff20999df2af8eb42d56 -> 
  custom:audio-encoder-webm-vorbis: bf7c407c2cedff20999df2af8eb42d56 -> 
========================================================================
Received Prepare
Registering precompiled user dll's ...
Registered in 0.010061 seconds.
Begin MonoManager ReloadAssembly
Native extension for WindowsStandalone target not found
Native extension for WebGL target not found
Refreshing native plugins compatible for Editor in 0.51 ms, found 3 plugins.
Preloading 0 native plugins for Editor in 0.00 ms.
Mono: successfully reloaded assembly
- Completed reload, in  1.148 seconds
Domain Reload Profiling:
	ReloadAssembly (1149ms)
		BeginReloadAssembly (121ms)
			ExecutionOrderSort (0ms)
			DisableScriptedObjects (11ms)
			BackupInstance (0ms)
			ReleaseScriptingObjects (0ms)
			CreateAndSetChildDomain (36ms)
		EndReloadAssembly (965ms)
			LoadAssemblies (107ms)
			RebuildTransferFunctionScriptingTraits (0ms)
			SetupTypeCache (335ms)
			ReleaseScriptCaches (1ms)
			RebuildScriptCaches (45ms)
			SetupLoadedEditorAssemblies (379ms)
				LogAssemblyErrors (0ms)
				InitializePlatformSupportModulesInManaged (5ms)
				SetLoadedEditorAssemblies (0ms)
				RefreshPlugins (1ms)
				BeforeProcessingInitializeOnLoad (85ms)
				ProcessInitializeOnLoadAttributes (274ms)
				ProcessInitializeOnLoadMethodAttributes (5ms)
				AfterProcessingInitializeOnLoad (7ms)
				EditorAssembliesLoaded (0ms)
			ExecutionOrderSort2 (0ms)
			AwakeInstancesAfterBackupRestoration (10ms)
Platform modules already initialized, skipping
Refreshing native plugins compatible for Editor in 0.45 ms, found 3 plugins.
Preloading 0 native plugins for Editor in 0.00 ms.
Unloading 2085 Unused Serialized files (Serialized files now loaded: 0)
System memory in use before: 95.7 MB.
System memory in use after: 95.8 MB.

Unloading 16 unused Assets to reduce memory usage. Loaded Objects now: 2551.
Total: 3.419400 ms (FindLiveObjects: 0.218600 ms CreateObjectMapping: 0.066200 ms MarkObjects: 3.116200 ms  DeleteObjects: 0.017400 ms)

AssetImportParameters requested are different than current active one (requested -> active):
  custom:framework-win-MediaFoundation: 216162199b28c13a410421893ffa2e32 -> 
  custom:video-decoder-ogg-theora: a1e56fd34408186e4bbccfd4996cb3dc -> 
  custom:container-muxer-webm: aa71ff27fc2769a1b78a27578f13a17b -> 
  custom:container-demuxer-webm: 4f35f7cbe854078d1ac9338744f61a02 -> 
  custom:container-demuxer-ogg: 62fdf1f143b41e24485cea50d1cbac27 -> 
  custom:video-encoder-webm-vp8: eb34c28f22e8b96e1ab97ce403110664 -> 
  custom:video-decoder-webm-vp8: 9c59270c3fd7afecdb556c50c9e8de78 -> 
  custom:audio-decoder-ogg-vorbis: bf7c407c2cedff20999df2af8eb42d56 -> 
  custom:audio-encoder-webm-vorbis: bf7c407c2cedff20999df2af8eb42d56 -> 
========================================================================
Received Import Request.
  Time since last request: 1408.013578 seconds.
  path: Packages/com.unity.2d.spriteshape/Editor/ObjectMenuCreation/DefaultAssets/Sprite Shapes/Closed Sprite Shape.prefab
  artifactKey: Guid(c0583b4e855c74b8c82e7b9b5efb5ce9) Importer(815301076,1909f56bfc062723c751e8b465ee728b)
Start importing Packages/com.unity.2d.spriteshape/Editor/ObjectMenuCreation/DefaultAssets/Sprite Shapes/Closed Sprite Shape.prefab using Guid(c0583b4e855c74b8c82e7b9b5efb5ce9) Importer(815301076,1909f56bfc062723c751e8b465ee728b)  -> (artifact id: 'c5c845828cede3f25819031102be01e1') in 0.058675 seconds 
  Import took 0.064399 seconds .

========================================================================
Received Import Request.
  Time since last request: 0.000343 seconds.
  path: Packages/com.unity.2d.spriteshape/Editor/ObjectMenuCreation/DefaultAssets/Sprite Shapes/Open Sprite Shape.prefab
  artifactKey: Guid(86ae7de409eb54f619fb1328e4d42480) Importer(815301076,1909f56bfc062723c751e8b465ee728b)
Start importing Packages/com.unity.2d.spriteshape/Editor/ObjectMenuCreation/DefaultAssets/Sprite Shapes/Open Sprite Shape.prefab using Guid(86ae7de409eb54f619fb1328e4d42480) Importer(815301076,1909f56bfc062723c751e8b465ee728b)  -> (artifact id: '1cd094d74455b6e3ebbdb90683f10d20') in 0.014593 seconds 
  Import took 0.019449 seconds .

========================================================================
Received Import Request.
  Time since last request: 178.644563 seconds.
  path: Assets/Scripts/Data.cs
  artifactKey: Guid(78cd5c38f8138aa4da0af98401cd6c4f) Importer(815301076,1909f56bfc062723c751e8b465ee728b)
Start importing Assets/Scripts/Data.cs using Guid(78cd5c38f8138aa4da0af98401cd6c4f) Importer(815301076,1909f56bfc062723c751e8b465ee728b)  -> (artifact id: '0df4f09561a00d94496d42c64ec320d4') in 0.003539 seconds 
  Import took 0.007532 seconds .

========================================================================
Received Import Request.
  Time since last request: 239.905161 seconds.
  path: Assets/Scripts/Ghost.cs
  artifactKey: Guid(c2d15a55540d8b74685d78f18b94600d) Importer(815301076,1909f56bfc062723c751e8b465ee728b)
Start importing Assets/Scripts/Ghost.cs using Guid(c2d15a55540d8b74685d78f18b94600d) Importer(815301076,1909f56bfc062723c751e8b465ee728b)  -> (artifact id: '23201998a3b2638a3432381a3e6603ab') in 0.007743 seconds 
  Import took 0.012942 seconds .

========================================================================
Received Import Request.
  Time since last request: 1413.963023 seconds.
  path: Assets/Scripts/Ghost.cs
  artifactKey: Guid(c2d15a55540d8b74685d78f18b94600d) Importer(815301076,1909f56bfc062723c751e8b465ee728b)
Start importing Assets/Scripts/Ghost.cs using Guid(c2d15a55540d8b74685d78f18b94600d) Importer(815301076,1909f56bfc062723c751e8b465ee728b)  -> (artifact id: 'e7375796801f19f52adf6e4d6e20f496') in 0.006081 seconds 
  Import took 0.011032 seconds .

========================================================================
Received Prepare
Registering precompiled user dll's ...
Registered in 0.035614 seconds.
Begin MonoManager ReloadAssembly
Native extension for WindowsStandalone target not found
Native extension for WebGL target not found
Refreshing native plugins compatible for Editor in 0.75 ms, found 3 plugins.
Preloading 0 native plugins for Editor in 0.00 ms.
Mono: successfully reloaded assembly
- Completed reload, in  1.508 seconds
Domain Reload Profiling:
	ReloadAssembly (1509ms)
		BeginReloadAssembly (133ms)
			ExecutionOrderSort (0ms)
			DisableScriptedObjects (6ms)
			BackupInstance (0ms)
			ReleaseScriptingObjects (0ms)
			CreateAndSetChildDomain (47ms)
		EndReloadAssembly (1310ms)
			LoadAssemblies (96ms)
			RebuildTransferFunctionScriptingTraits (0ms)
			SetupTypeCache (273ms)
			ReleaseScriptCaches (1ms)
			RebuildScriptCaches (47ms)
			SetupLoadedEditorAssemblies (754ms)
				LogAssemblyErrors (0ms)
				InitializePlatformSupportModulesInManaged (12ms)
				SetLoadedEditorAssemblies (1ms)
				RefreshPlugins (1ms)
				BeforeProcessingInitializeOnLoad (167ms)
				ProcessInitializeOnLoadAttributes (548ms)
				ProcessInitializeOnLoadMethodAttributes (10ms)
				AfterProcessingInitializeOnLoad (15ms)
				EditorAssembliesLoaded (0ms)
			ExecutionOrderSort2 (0ms)
			AwakeInstancesAfterBackupRestoration (22ms)
Platform modules already initialized, skipping
Refreshing native plugins compatible for Editor in 0.74 ms, found 3 plugins.
Preloading 0 native plugins for Editor in 0.00 ms.
Unloading 2086 Unused Serialized files (Serialized files now loaded: 0)
System memory in use before: 95.8 MB.
System memory in use after: 95.9 MB.

Unloading 16 unused Assets to reduce memory usage. Loaded Objects now: 2556.
Total: 6.055500 ms (FindLiveObjects: 0.323700 ms CreateObjectMapping: 0.181000 ms MarkObjects: 5.516000 ms  DeleteObjects: 0.032800 ms)

AssetImportParameters requested are different than current active one (requested -> active):
  custom:framework-win-MediaFoundation: 216162199b28c13a410421893ffa2e32 -> 
  custom:video-decoder-ogg-theora: a1e56fd34408186e4bbccfd4996cb3dc -> 
  custom:container-muxer-webm: aa71ff27fc2769a1b78a27578f13a17b -> 
  custom:container-demuxer-webm: 4f35f7cbe854078d1ac9338744f61a02 -> 
  custom:container-demuxer-ogg: 62fdf1f143b41e24485cea50d1cbac27 -> 
  custom:video-encoder-webm-vp8: eb34c28f22e8b96e1ab97ce403110664 -> 
  custom:video-decoder-webm-vp8: 9c59270c3fd7afecdb556c50c9e8de78 -> 
  custom:audio-decoder-ogg-vorbis: bf7c407c2cedff20999df2af8eb42d56 -> 
  custom:audio-encoder-webm-vorbis: bf7c407c2cedff20999df2af8eb42d56 -> 
========================================================================
Received Prepare
Registering precompiled user dll's ...
Registered in 0.015348 seconds.
Begin MonoManager ReloadAssembly
Native extension for WindowsStandalone target not found
Native extension for WebGL target not found
Refreshing native plugins compatible for Editor in 0.47 ms, found 3 plugins.
Preloading 0 native plugins for Editor in 0.00 ms.
Mono: successfully reloaded assembly
- Completed reload, in  1.058 seconds
Domain Reload Profiling:
	ReloadAssembly (1058ms)
		BeginReloadAssembly (129ms)
			ExecutionOrderSort (0ms)
			DisableScriptedObjects (7ms)
			BackupInstance (0ms)
			ReleaseScriptingObjects (0ms)
			CreateAndSetChildDomain (37ms)
		EndReloadAssembly (869ms)
			LoadAssemblies (108ms)
			RebuildTransferFunctionScriptingTraits (0ms)
			SetupTypeCache (271ms)
			ReleaseScriptCaches (1ms)
			RebuildScriptCaches (39ms)
			SetupLoadedEditorAssemblies (371ms)
				LogAssemblyErrors (0ms)
				InitializePlatformSupportModulesInManaged (6ms)
				SetLoadedEditorAssemblies (0ms)
				RefreshPlugins (1ms)
				BeforeProcessingInitializeOnLoad (82ms)
				ProcessInitializeOnLoadAttributes (268ms)
				ProcessInitializeOnLoadMethodAttributes (7ms)
				AfterProcessingInitializeOnLoad (7ms)
				EditorAssembliesLoaded (0ms)
			ExecutionOrderSort2 (0ms)
			AwakeInstancesAfterBackupRestoration (11ms)
Platform modules already initialized, skipping
Refreshing native plugins compatible for Editor in 0.47 ms, found 3 plugins.
Preloading 0 native plugins for Editor in 0.00 ms.
Unloading 2086 Unused Serialized files (Serialized files now loaded: 0)
System memory in use before: 95.8 MB.
System memory in use after: 95.9 MB.

Unloading 16 unused Assets to reduce memory usage. Loaded Objects now: 2559.
Total: 7.807100 ms (FindLiveObjects: 0.681500 ms CreateObjectMapping: 0.216800 ms MarkObjects: 6.856300 ms  DeleteObjects: 0.050100 ms)

AssetImportParameters requested are different than current active one (requested -> active):
  custom:framework-win-MediaFoundation: 216162199b28c13a410421893ffa2e32 -> 
  custom:video-decoder-ogg-theora: a1e56fd34408186e4bbccfd4996cb3dc -> 
  custom:container-muxer-webm: aa71ff27fc2769a1b78a27578f13a17b -> 
  custom:container-demuxer-webm: 4f35f7cbe854078d1ac9338744f61a02 -> 
  custom:container-demuxer-ogg: 62fdf1f143b41e24485cea50d1cbac27 -> 
  custom:video-encoder-webm-vp8: eb34c28f22e8b96e1ab97ce403110664 -> 
  custom:video-decoder-webm-vp8: 9c59270c3fd7afecdb556c50c9e8de78 -> 
  custom:audio-decoder-ogg-vorbis: bf7c407c2cedff20999df2af8eb42d56 -> 
  custom:audio-encoder-webm-vorbis: bf7c407c2cedff20999df2af8eb42d56 -> 
